0 info it worked if it ends with ok
1 verbose cli [ '/Users/ryanyogan/.nvm/v0.10.40/bin/node',
1 verbose cli   '/Users/ryanyogan/.nvm/v0.10.40/bin/npm',
1 verbose cli   'run',
1 verbose cli   'dev' ]
2 info using npm@1.4.28
3 info using node@v0.10.40
4 verbose run-script [ 'predev', 'dev', 'postdev' ]
5 info predev blog-redux@0.1.0
6 info dev blog-redux@0.1.0
7 verbose unsafe-perm in lifecycle true
8 info blog-redux@0.1.0 Failed to exec dev script
9 error blog-redux@0.1.0 dev: `nodemon -x babel-node -w ./api &babel-node ./dev-server`
9 error Exit status 8
10 error Failed at the blog-redux@0.1.0 dev script.
10 error This is most likely a problem with the blog-redux package,
10 error not with npm itself.
10 error Tell the author that this fails on your system:
10 error     nodemon -x babel-node -w ./api &babel-node ./dev-server
10 error You can get their info via:
10 error     npm owner ls blog-redux
10 error There is likely additional logging output above.
11 error System Darwin 14.5.0
12 error command "/Users/ryanyogan/.nvm/v0.10.40/bin/node" "/Users/ryanyogan/.nvm/v0.10.40/bin/npm" "run" "dev"
13 error cwd /Users/ryanyogan/dev/blog-redux
14 error node -v v0.10.40
15 error npm -v 1.4.28
16 error code ELIFECYCLE
17 verbose exit [ 1, true ]
